176
38 338
52 292
163 84
354 20
363 5
451 9997
492 641
609 502
647 842
831 749
858 9884
900 9876
927 9870
931 9853
989 9830
1110 1156
1184 1199
1236 1322
1408 1825
1426 1430
1457 1591
1519 1464
1580 1565
1616 1620
1691 1731
1732 1456
1801 1771
1858 1843
1947 1994
2031 1878
2037 1380
2063 1340
2086 2074
2120 2101
2126 2425
2163 2201
2248 2290
2339 2304
2392 2241
2473 2663
2478 2624
2649 2641
2669 2440
2701 2096
2710 2839
2720 2835
2844 1208
2951 2967
2952 2954
3158 3588
3201 3393
3329 3275
3356 3354
3423 3197
3470 3181
3531 3520
3537 3172
3604 8970
3690 3654
3691 8941
3748 8917
3772 8678
3913 3856
4024 3834
4030 7179
4034 4134
4184 7164
4219 7121
4220 6492
4257 6371
4268 6328
4420 4388
4438 6074
4515 4529
4540 5685
4562 5581
4575 5539
4601 5534
4634 4731
4637 4711
4757 4790
4839 4742
4979 4943
5033 5108
5124 4999
5145 5456
5166 5259
5257 5175
5320 5395
5480 4913
5510 4904
5561 5575
5586 5609
5616 5623
5630 5682
5656 5674
5723 5815
5841 5692
5856 6059
6041 5998
6068 4497
6101 4297
6144 6107
6166 6292
6270 6167
6293 6106
6400 6470
6422 6415
6491 4225
6551 6617
6631 7094
6638 6645
6690 6657
6763 6633
6833 7064
6945 6974
7041 6995
7049 6874
7110 6545
7146 4197
7197 8450
7275 8354
7288 8334
7407 7401
7410 7358
7464 7414
7476 8325
7479 8161
7509 7505
7528 7664
7666 7525
7688 7668
7717 7731
7780 7754
7831 7808
7888 7850
7894 7976
8055 7845
8069 7713
8092 7489
8298 8212
8357 7222
8363 8436
8365 8418
8488 7187
8492 8666
8616 8495
8671 3831
8682 8916
8684 8884
8700 8835
8792 8718
8961 3645
8969 3628
9020 3156
9055 3029
9073 2993
9088 2883
9174 9108
9185 2867
9196 1181
9197 1178
9209 1059
9235 9298
9515 9430
9535 9401
9545 9300
9566 9214
9587 1045
9602 9708
9616 9607
9706 9682
9723 9751
9758 9599
9899 844
9925 9977
