566
0 82609
1 43702
2 95989
3 87562
4 84523
5 57705
6 69186
7 90192
8 6976
9 60584
10 35097
11 75535
12 2735
13 20126
14 52225
15 75918
16 62897
17 22989
18 27958
19 28740
20 25227
21 45257
22 69161
23 40615
24 38089
26 27156
27 14183
28 92703
29 99889
31 60643
32 94378
33 80379
34 92637
37 35757
38 39440
39 15207
40 47970
41 53557
42 65530
43 77815
44 27126
45 59389
46 5686
47 31254
49 2574
50 89541
52 62883
53 57262
55 13894
56 2219
58 44092
59 91270
60 82332
61 14042
62 12486
63 19836
64 99713
65 28513
66 19048
68 73586
69 38505
70 56069
71 77458
73 36335
74 84172
75 8106
76 62550
77 34210
79 73715
80 58012
82 9436
86 47334
88 48381
90 10139
91 421
93 38387
96 55218
97 23444
99 18832
100 94361
103 4469
106 79947
108 86404
112 56744
113 17804
114 18781
118 98837
120 23129
121 57168
122 11440
123 5427
124 16561
125 45874
126 33069
127 88814
128 66761
130 62856
131 35019
132 95225
137 45106
138 50889
139 43293
140 55199
141 69048
142 42920
144 21290
145 25761
148 4248
154 34920
160 15092
162 87798
166 27628
170 72441
172 36445
178 97732
185 16960
189 63727
195 87238
198 6933
200 21225
204 3658
207 91707
209 54189
213 16902
218 6558
222 97387
224 42809
226 44804
229 44796
230 51574
239 9067
246 48701
251 73007
252 9043
262 1749
263 30909
279 96593
280 44705
296 34481
302 45753
308 46272
312 67542
324 15076
328 85287
339 93602
360 64124
362 65488
371 82607
410 93266
423 61665
425 89363
426 93631
427 85207
428 99511
429 88237
431 49811
432 78496
434 455
457 37683
458 62177
459 3742
464 24303
465 36113
466 33619
472 31192
475 2313
478 80367
482 26570
483 37603
489 23378
491 37570
494 1325
495 43099
498 56636
501 11402
502 6054
504 30102
505 43930
508 77945
509 80310
511 12324
512 86027
514 54963
526 32249
531 1310
532 2405
538 6206
541 46507
544 8664
546 13228
554 46359
560 13577
563 11913
569 8748
572 42341
580 98219
591 52187
628 54325
640 78167
641 85736
651 1213
658 16839
662 18594
664 69038
667 32141
670 68867
673 56472
676 85725
678 67981
696 56996
1109 42577
1267 42247
1335 99431
1405 5316
1443 65263
1501 1681
1913 41861
2075 2179
2412 58760
2440 59338
2510 58892
2601 25182
2602 55972
2604 48194
2627 20762
2676 32226
2739 26006
2744 23798
2745 92321
2756 83490
2763 53181
2771 47003
2772 91449
2774 64381
2778 7114
2787 82165
2792 58812
2804 25935
2809 63498
2812 83979
2824 23673
2840 50052
2841 58568
2843 53886
2850 23650
2861 18112
2869 57567
2886 58488
2900 96947
2915 3273
2918 6955
2935 91090
2955 51861
2961 51244
2979 96904
2985 32904
3177 54945
3278 53724
3287 50508
3340 50396
3395 83406
3527 32135
3745 7845
3815 89249
3824 43564
3846 54772
4156 4206
4539 4688
4740 4979
4867 4871
7000 8372
7137 41556
7230 29915
7273 29815
7274 20738
7282 29456
7283 7287
7293 7554
7848 7981
7992 29347
8387 8431
9206 9389
9456 22549
9457 81670
9460 18233
9471 22047
9482 9764
9495 81608
9516 10656
9517 22411
9602 81446
9625 10647
9640 9983
10059 17371
10333 16735
10368 10611
10680 10871
10683 10995
11014 11296
11057 11149
11416 11755
11465 11752
12038 13556
12054 13502
12361 12690
12721 13085
13683 13884
14304 16175
14305 14687
15252 15278
15284 15970
15291 15677
15322 15365
17392 17636
17737 17747
18138 18523
18844 19009
19128 19259
19269 29683
19277 20400
19327 19555
19649 77671
20515 21002
21089 21166
21113 21142
21247 21669
21367 22284
21560 22970
21900 22033
23393 23409
23764 24662
23825 24832
23861 26303
23868 26997
23939 29203
23962 24805
24016 28265
24783 24787
25038 25073
25399 25405
25602 25611
26268 26295
26746 26776
27639 27687
28154 28225
28355 28364
28552 28562
28868 28922
29289 29310
29708 29746
30145 37417
30150 30437
30223 30819
30472 30619
30551 31166
30776 30803
30920 30942
31357 37211
31425 37198
31632 31793
31644 31786
32291 33158
32325 33060
32343 33422
32353 33316
33442 34070
33637 33905
34221 34260
34523 34845
34620 34682
34712 34755
34781 34795
35129 36086
35535 35797
36555 36935
37692 37927
38427 38441
38532 49560
38559 40931
38570 41971
38595 38625
38669 38697
38801 40442
38803 39973
38842 40734
38851 39258
38919 41180
38980 40022
39040 40236
39689 39947
40281 40418
41566 41601
44189 44375
44822 44991
46383 46444
46469 47870
46554 47589
46637 46767
46773 47230
47336 47444
47736 47812
47997 49332
48223 48326
48706 48851
48983 49084
49700 49707
50574 50793
50903 51302
51587 52154
52340 52763
52509 53101
53269 53383
53974 53983
55545 55812
55662 55751
56294 56329
57385 58551
58166 58393
58187 58303
58918 59156
58961 62096
59191 59284
59326 61969
59422 60750
59432 61430
59458 59518
59649 59795
59708 59783
59923 60314
60163 60267
60679 60987
60687 60833
61013 61141
61142 61420
61278 61288
62898 65029
62902 98518
62974 64922
63095 64686
63097 64608
64742 64843
64941 64952
65048 65171
65228 67223
65540 79214
65565 79128
65661 66133
65736 65797
66047 66054
66355 66562
66372 66757
66896 67136
66956 66969
67049 67086
67238 68611
67252 68198
67311 68094
67442 67467
67543 67798
68273 68423
68942 69001
69194 70422
69206 69568
69213 86664
69329 76934
69578 70401
69580 74411
69583 74556
69599 71882
69625 69960
69692 69730
69978 71337
70093 71697
70170 71557
70291 70350
70436 70569
70577 70996
70580 74801
70619 79043
70742 74275
70766 70809
70819 75305
70848 73980
71930 72344
72054 72157
72063 73525
72478 72852
73078 73229
74278 74337
74575 76346
74705 74746
74922 75099
75629 75697
75706 76039
75849 75863
76059 76852
76347 76713
76511 76663
76538 76612
76946 77373
77059 77220
77461 77524
78194 78345
78546 78835
78994 79011
79232 79616
79273 79818
79620 79761
79972 80017
80115 80297
80423 80581
80654 81219
80770 80950
81285 81346
81798 81843
82062 82070
82637 84126
82645 82795
82919 83229
82927 83071
83625 83690
84021 85484
84248 84432
84559 95807
84741 84772
84818 84898
85814 85890
86044 86080
86111 86230
86432 89042
86534 86580
86675 87016
86686 86771
87022 88029
87918 88017
88390 88759
88392 88526
88590 88673
89557 89798
89745 89786
89804 90085
89870 90943
90430 90584
90592 90826
90772 90775
91172 91215
91283 91342
91991 92066
92073 92214
93286 94087
93461 93519
93716 93942
94423 95009
94625 96847
94627 94735
95059 95176
95267 96194
95363 95469
95476 95504
97424 98700
97447 98605
97478 97534
97571 97952
99046 99062
99087 99095
99168 99249
