-11256
22 1 96
7 4 95
27 21 94
5 17 92
1 28 91
2 3 91
22 3 90
16 3 90
19 27 90
10 20 87
1 13 86
8 19 85
5 28 84
6 2 84
7 15 84
24 28 83
14 15 83
1 19 82
8 11 82
2 13 81
5 26 80
14 21 79
5 7 79
19 4 79
19 0 78
4 15 78
4 21 78
12 15 78
20 28 77
1 17 76
14 20 76
14 3 76
1 26 75
29 5 75
1 27 74
24 20 74
5 15 73
1 3 72
9 3 72
14 8 71
1 18 70
23 26 70
2 19 70
22 17 69
10 25 69
4 17 68
19 25 68
2 8 68
19 21 68
11 20 67
8 16 67
23 21 67
13 18 67
2 15 66
16 9 65
12 4 65
22 10 64
24 27 64
28 26 64
28 13 63
11 16 62
8 3 62
5 13 62
19 28 61
27 0 60
10 28 60
8 17 59
22 26 59
28 21 59
2 10 58
8 18 57
6 7 56
1 23 56
8 26 55
14 26 55
14 5 54
19 7 54
1 25 54
16 10 53
12 0 52
11 26 52
22 9 52
22 11 52
4 26 51
7 26 51
17 26 51
11 10 51
29 0 50
10 18 49
29 16 49
22 15 48
19 18 48
23 27 48
16 26 48
23 9 47
29 23 47
12 7 47
29 17 46
22 5 46
6 0 46
6 12 44
17 13 44
4 20 44
5 18 43
17 20 43
29 4 43
7 20 42
8 7 42
29 1 42
24 0 42
2 24 41
15 13 41
1 0 38
25 13 37
23 10 37
8 13 37
19 15 37
3 25 36
24 11 36
2 5 36
29 20 36
22 0 35
12 27 35
8 15 35
6 4 34
2 18 34
6 13 34
6 8 34
14 12 34
20 13 33
10 21 32
22 27 32
14 7 31
6 21 31
9 21 30
17 28 30
5 10 30
12 26 30
24 10 30
11 21 30
6 9 29
23 18 29
5 20 29
3 18 28
29 25 28
10 13 28
9 17 27
8 25 27
6 27 26
19 13 26
17 18 26
4 3 25
29 22 25
24 15 25
20 21 25
9 15 25
7 21 24
24 9 23
28 18 23
24 13 23
23 13 23
22 20 23
9 27 23
6 24 22
29 18 22
22 13 21
6 1 21
26 21 21
11 12 21
5 9 20
8 20 19
2 12 19
22 18 18
29 15 18
6 11 17
6 25 17
27 13 15
2 20 13
15 26 12
6 23 11
17 21 11
3 13 11
5 4 11
24 16 10
4 25 10
15 18 9
16 13 9
22 4 8
6 22 8
0 25 7
11 13 6
16 27 6
7 18 5
28 25 5
11 0 4
15 3 4
1 15 3
15 10 3
12 23 2
8 9 1
22 21 1
25 18 0
24 14 -1
19 20 -2
6 17 -2
11 3 -2
4 19 -2
27 1 -2
21 22 -2
10 5 -3
7 10 -3
11 19 -3
26 2 -4
10 29 -4
29 7 -4
13 2 -4
27 3 -4
26 14 -4
23 4 -5
2 16 -5
3 1 -5
17 23 -5
14 1 -5
12 8 -6
14 13 -6
15 21 -6
22 12 -6
16 29 -6
13 19 -6
3 21 -6
4 9 -7
13 26 -7
16 25 -7
8 27 -7
3 5 -7
12 13 -7
17 4 -8
23 25 -9
5 3 -9
29 26 -9
2 25 -9
19 9 -10
15 17 -10
4 23 -10
15 1 -10
26 19 -10
23 6 -10
10 3 -10
12 17 -11
11 25 -11
7 1 -11
10 0 -11
17 16 -11
10 1 -12
27 15 -12
6 5 -12
20 17 -12
23 2 -12
24 21 -13
23 28 -13
4 18 -13
7 3 -13
13 27 -13
5 19 -13
7 25 -14
10 27 -14
2 11 -14
9 25 -14
25 11 -15
19 17 -15
12 9 -15
11 17 -15
27 28 -15
1 12 -16
26 3 -16
11 22 -16
29 12 -16
3 22 -17
5 1 -17
17 2 -17
0 6 -17
5 21 -17
13 10 -17
21 3 -18
1 11 -19
20 22 -19
21 11 -19
18 24 -20
16 6 -20
0 21 -20
23 24 -20
1 20 -20
26 23 -20
21 19 -20
13 12 -20
4 27 -20
6 19 -21
18 28 -21
14 4 -21
28 24 -21
0 13 -21
22 28 -21
21 1 -21
1 14 -22
5 23 -22
0 11 -22
10 26 -22
2 4 -22
1 9 -22
26 17 -22
7 8 -23
4 12 -23
16 20 -23
25 21 -24
8 10 -24
11 15 -24
9 0 -24
4 28 -25
14 24 -25
24 26 -25
18 9 -25
2 7 -26
16 4 -26
14 25 -26
18 27 -27
17 0 -27
29 28 -27
5 16 -28
18 4 -28
7 6 -28
7 13 -28
18 19 -28
28 14 -28
2 28 -29
20 12 -29
23 0 -29
0 26 -29
5 27 -30
18 10 -30
11 18 -30
6 18 -30
21 0 -30
29 14 -30
14 28 -31
22 24 -31
29 24 -31
14 10 -32
24 23 -32
27 24 -32
16 18 -32
20 19 -32
25 23 -32
3 7 -32
3 0 -32
12 25 -32
26 20 -32
3 11 -33
27 25 -33
9 26 -33
22 8 -33
23 7 -33
19 10 -34
24 2 -34
14 18 -34
29 2 -34
27 18 -35
15 20 -35
12 10 -35
18 0 -35
7 23 -36
0 12 -37
12 24 -37
12 18 -37
20 26 -37
24 25 -37
1 21 -38
25 7 -38
13 21 -38
19 24 -38
8 4 -38
20 3 -38
26 10 -39
27 17 -39
0 16 -39
24 6 -40
9 18 -40
4 29 -40
18 6 -41
4 0 -42
22 16 -42
15 27 -42
18 20 -42
25 27 -42
12 20 -42
8 12 -43
15 11 -43
6 3 -44
25 14 -44
22 7 -44
24 18 -44
24 19 -44
26 0 -44
29 27 -45
22 29 -45
25 2 -45
8 5 -45
16 8 -45
25 19 -46
10 11 -46
10 24 -46
15 7 -46
2 27 -46
6 10 -46
14 2 -47
7 9 -47
16 0 -47
8 28 -47
5 0 -48
8 23 -48
26 16 -48
7 0 -48
15 0 -48
18 8 -48
14 22 -49
5 12 -49
7 28 -49
11 4 -49
6 26 -49
21 18 -49
1 10 -49
16 28 -50
25 22 -50
1 16 -50
16 22 -50
11 23 -52
24 22 -53
2 21 -54
14 0 -54
1 24 -54
13 5 -55
9 13 -55
25 4 -55
27 23 -55
9 2 -55
4 1 -55
11 9 -55
29 8 -55
26 29 -55
12 28 -55
20 23 -56
5 24 -56
20 18 -56
11 27 -56
16 21 -56
26 18 -56
17 6 -57
24 12 -58
26 9 -58
4 24 -58
18 11 -59
7 17 -59
3 28 -59
24 7 -60
11 14 -60
21 12 -60
13 9 -60
22 23 -60
26 25 -60
20 24 -61
14 19 -61
0 8 -61
17 25 -62
3 16 -62
15 28 -62
13 15 -63
11 28 -63
23 19 -63
28 9 -63
14 16 -63
5 25 -64
12 19 -64
29 19 -64
21 25 -65
0 4 -65
12 21 -65
9 24 -65
16 2 -65
25 24 -65
28 1 -65
6 16 -66
27 5 -66
16 23 -66
2 22 -67
23 3 -67
17 14 -67
19 3 -67
29 10 -67
28 29 -67
0 9 -67
2 17 -68
9 20 -68
13 23 -68
13 28 -68
29 13 -68
21 27 -68
6 14 -68
25 8 -69
18 29 -70
24 4 -70
13 6 -70
24 17 -71
11 7 -71
6 20 -71
21 6 -71
11 2 -72
2 29 -72
25 6 -72
9 6 -73
28 0 -73
27 20 -73
25 26 -73
5 14 -74
13 22 -74
13 7 -74
3 29 -74
26 12 -74
13 1 -75
8 0 -75
0 20 -75
12 2 -75
9 10 -75
19 14 -76
27 29 -76
6 28 -77
13 8 -77
26 5 -77
12 3 -77
13 3 -78
22 25 -78
17 11 -78
4 16 -78
23 17 -79
10 4 -79
20 0 -80
26 22 -80
19 12 -80
14 9 -80
27 19 -80
3 26 -80
1 8 -81
27 7 -81
16 15 -81
15 22 -82
8 21 -82
25 1 -82
27 22 -83
21 10 -84
29 3 -84
16 19 -84
11 1 -85
5 8 -85
11 29 -85
20 25 -86
18 16 -87
6 15 -87
14 17 -87
10 16 -87
9 23 -88
2 23 -88
7 12 -88
2 1 -88
15 25 -88
19 26 -89
21 17 -89
14 11 -90
12 16 -90
17 27 -90
23 15 -90
19 11 -91
4 10 -91
12 1 -91
24 8 -91
28 5 -91
0 18 -91
0 10 -91
16 5 -91
17 19 -91
2 26 -91
19 29 -92
0 17 -92
6 29 -92
26 15 -92
27 26 -92
29 11 -92
16 17 -92
9 28 -93
16 7 -93
17 3 -93
2 9 -93
23 20 -94
0 15 -94
28 15 -94
1 7 -95
16 11 -95
1 4 -95
7 29 -95
25 5 -96
29 21 -96
22 19 -97
24 3 -97
25 3 -97
17 10 -98
20 6 -98
4 13 -98
4 2 -98
29 9 -99
5 11 -99
10 8 -99
17 15 -100
10 9 -100
14 27 -100
28 7 -100
2 0 -100
14 23 -100
7 27 -100
